<?xml version="1.0" encoding="UTF-8"?>
<coverage generated="1550681665209" clover="3.2.0">
  <project timestamp="1550681665211" name="All files">
    <metrics statements="105" coveredstatements="105" conditionals="42" coveredconditionals="40" methods="39" coveredmethods="38" elements="186" coveredelements="183" complexity="0" loc="105" ncloc="105" packages="4" files="10" classes="10"/>
    <package name="src">
      <metrics statements="17" coveredstatements="17" conditionals="6" coveredconditionals="6" methods="7" coveredmethods="7"/>
      <file name="index.ts" path="/Users/mmdb/dev/code/src/github.com/nickmakes/makes-clients/src/index.ts">
        <metrics statements="12" coveredstatements="12" conditionals="0" coveredconditionals="0" methods="3" coveredmethods="3"/>
        <line num="1" count="2" type="stmt"/>
        <line num="2" count="2" type="stmt"/>
        <line num="4" count="2" type="stmt"/>
        <line num="5" count="2" type="stmt"/>
        <line num="7" count="2" type="stmt"/>
        <line num="8" count="2" type="stmt"/>
        <line num="10" count="2" type="stmt"/>
        <line num="11" count="5" type="stmt"/>
        <line num="12" count="5" type="stmt"/>
        <line num="13" count="1" type="stmt"/>
        <line num="14" count="4" type="stmt"/>
        <line num="18" count="2" type="stmt"/>
      </file>
      <file name="utils.ts" path="/Users/mmdb/dev/code/src/github.com/nickmakes/makes-clients/src/utils.ts">
        <metrics statements="5" coveredstatements="5" conditionals="6" coveredconditionals="6" methods="4" coveredmethods="4"/>
        <line num="1" count="16" type="cond" truecount="2" falsecount="0"/>
        <line num="3" count="216" type="stmt"/>
        <line num="4" count="33" type="stmt"/>
        <line num="5" count="150" type="stmt"/>
        <line num="7" count="97" type="stmt"/>
      </file>
    </package>
    <package name="src.clients">
      <metrics statements="51" coveredstatements="51" conditionals="26" coveredconditionals="24" methods="18" coveredmethods="18"/>
      <file name="api_client.ts" path="/Users/mmdb/dev/code/src/github.com/nickmakes/makes-clients/src/clients/api_client.ts">
        <metrics statements="7" coveredstatements="7" conditionals="2" coveredconditionals="2" methods="3" coveredmethods="3"/>
        <line num="2" count="2" type="stmt"/>
        <line num="4" count="2" type="stmt"/>
        <line num="5" count="1" type="stmt"/>
        <line num="7" count="1" type="stmt"/>
        <line num="8" count="1" type="cond" truecount="2" falsecount="0"/>
        <line num="12" count="4" type="stmt"/>
        <line num="14" count="2" type="stmt"/>
      </file>
      <file name="client.ts" path="/Users/mmdb/dev/code/src/github.com/nickmakes/makes-clients/src/clients/client.ts">
        <metrics statements="36" coveredstatements="36" conditionals="22" coveredconditionals="20" methods="13" coveredmethods="13"/>
        <line num="1" count="2" type="stmt"/>
        <line num="2" count="2" type="stmt"/>
        <line num="3" count="2" type="stmt"/>
        <line num="5" count="2" type="stmt"/>
        <line num="6" count="25" type="cond" truecount="2" falsecount="0"/>
        <line num="8" count="15" type="cond" truecount="2" falsecount="0"/>
        <line num="10" count="2" type="stmt"/>
        <line num="11" count="5" type="stmt"/>
        <line num="13" count="15" type="stmt"/>
        <line num="14" count="15" type="stmt"/>
        <line num="15" count="15" type="cond" truecount="2" falsecount="0"/>
        <line num="16" count="9" type="stmt"/>
        <line num="17" count="3" type="cond" truecount="2" falsecount="0"/>
        <line num="18" count="2" type="stmt"/>
        <line num="19" count="6" type="cond" truecount="1" falsecount="1"/>
        <line num="20" count="3" type="stmt"/>
        <line num="21" count="2" type="cond" truecount="1" falsecount="1"/>
        <line num="22" count="1" type="stmt"/>
        <line num="26" count="2" type="stmt"/>
        <line num="27" count="15" type="stmt"/>
        <line num="28" count="15" type="stmt"/>
        <line num="31" count="5" type="cond" truecount="2" falsecount="0"/>
        <line num="36" count="3" type="stmt"/>
        <line num="40" count="7" type="cond" truecount="2" falsecount="0"/>
        <line num="44" count="2" type="stmt"/>
        <line num="45" count="15" type="stmt"/>
        <line num="47" count="15" type="cond" truecount="2" falsecount="0"/>
        <line num="50" count="2" type="stmt"/>
        <line num="53" count="13" type="stmt"/>
        <line num="56" count="30" type="cond" truecount="2" falsecount="0"/>
        <line num="58" count="2" type="stmt"/>
        <line num="61" count="4" type="stmt"/>
        <line num="64" count="15" type="cond" truecount="2" falsecount="0"/>
        <line num="66" count="2" type="stmt"/>
        <line num="69" count="15" type="stmt"/>
        <line num="71" count="2" type="stmt"/>
      </file>
      <file name="http_client.ts" path="/Users/mmdb/dev/code/src/github.com/nickmakes/makes-clients/src/clients/http_client.ts">
        <metrics statements="5" coveredstatements="5" conditionals="2" coveredconditionals="2" methods="2" coveredmethods="2"/>
        <line num="2" count="2" type="stmt"/>
        <line num="4" count="2" type="stmt"/>
        <line num="5" count="4" type="stmt"/>
        <line num="8" count="4" type="cond" truecount="2" falsecount="0"/>
        <line num="10" count="2" type="stmt"/>
      </file>
      <file name="index.ts" path="/Users/mmdb/dev/code/src/github.com/nickmakes/makes-clients/src/clients/index.ts">
        <metrics statements="3" coveredstatements="3" conditionals="0" coveredconditionals="0" methods="0" coveredmethods="0"/>
        <line num="1" count="2" type="stmt"/>
        <line num="2" count="2" type="stmt"/>
        <line num="4" count="2" type="stmt"/>
      </file>
    </package>
    <package name="src.types">
      <metrics statements="9" coveredstatements="9" conditionals="6" coveredconditionals="6" methods="3" coveredmethods="3"/>
      <file name="client.ts" path="/Users/mmdb/dev/code/src/github.com/nickmakes/makes-clients/src/types/client.ts">
        <metrics statements="1" coveredstatements="1" conditionals="0" coveredconditionals="0" methods="1" coveredmethods="1"/>
        <line num="25" count="5" type="stmt"/>
      </file>
      <file name="error.ts" path="/Users/mmdb/dev/code/src/github.com/nickmakes/makes-clients/src/types/error.ts">
        <metrics statements="6" coveredstatements="6" conditionals="6" coveredconditionals="6" methods="2" coveredmethods="2"/>
        <line num="3" count="9" type="stmt"/>
        <line num="12" count="2" type="stmt"/>
        <line num="15" count="1" type="stmt"/>
        <line num="17" count="1" type="stmt"/>
        <line num="19" count="3" type="stmt"/>
        <line num="21" count="1" type="stmt"/>
      </file>
      <file name="index.ts" path="/Users/mmdb/dev/code/src/github.com/nickmakes/makes-clients/src/types/index.ts">
        <metrics statements="2" coveredstatements="2" conditionals="0" coveredconditionals="0" methods="0" coveredmethods="0"/>
        <line num="1" count="2" type="stmt"/>
        <line num="3" count="2" type="stmt"/>
      </file>
    </package>
    <package name="test">
      <metrics statements="28" coveredstatements="28" conditionals="4" coveredconditionals="4" methods="11" coveredmethods="10"/>
      <file name="test_utils.ts" path="/Users/mmdb/dev/code/src/github.com/nickmakes/makes-clients/test/test_utils.ts">
        <metrics statements="28" coveredstatements="28" conditionals="4" coveredconditionals="4" methods="11" coveredmethods="10"/>
        <line num="1" count="1" type="stmt"/>
        <line num="2" count="1" type="stmt"/>
        <line num="4" count="1" type="stmt"/>
        <line num="8" count="5" type="stmt"/>
        <line num="12" count="36" type="stmt"/>
        <line num="15" count="1" type="stmt"/>
        <line num="17" count="4" type="stmt"/>
        <line num="19" count="1" type="stmt"/>
        <line num="22" count="1" type="stmt"/>
        <line num="24" count="11" type="stmt"/>
        <line num="26" count="1" type="stmt"/>
        <line num="28" count="1" type="stmt"/>
        <line num="32" count="1" type="stmt"/>
        <line num="36" count="6" type="cond" truecount="4" falsecount="0"/>
        <line num="37" count="4" type="stmt"/>
        <line num="38" count="15" type="stmt"/>
        <line num="41" count="1" type="stmt"/>
        <line num="42" count="8" type="stmt"/>
        <line num="45" count="1" type="stmt"/>
        <line num="46" count="8" type="stmt"/>
        <line num="49" count="13" type="stmt"/>
        <line num="50" count="13" type="stmt"/>
        <line num="51" count="13" type="stmt"/>
        <line num="54" count="7" type="stmt"/>
        <line num="56" count="7" type="stmt"/>
        <line num="59" count="13" type="stmt"/>
        <line num="60" count="13" type="stmt"/>
        <line num="63" count="1" type="stmt"/>
      </file>
    </package>
  </project>
</coverage>
