{"/Users/mmdb/dev/code/src/github.com/nickmakes/makes-clients/src/index.ts": {"path":"/Users/mmdb/dev/code/src/github.com/nickmakes/makes-clients/src/index.ts","statementMap":{"0":{"start":{"line":1,"column":0},"end":{"line":1,"column":21}},"1":{"start":{"line":2,"column":0},"end":{"line":2,"column":26}},"2":{"start":{"line":4,"column":0},"end":{"line":4,"column":60}},"3":{"start":{"line":5,"column":0},"end":{"line":5,"column":64}},"4":{"start":{"line":7,"column":0},"end":{"line":7,"column":24}},"5":{"start":{"line":8,"column":0},"end":{"line":8,"column":26}},"6":{"start":{"line":10,"column":21},"end":{"line":16,"column":1}},"7":{"start":{"line":11,"column":18},"end":{"line":11,"column":58}},"8":{"start":{"line":12,"column":2},"end":{"line":15,"column":4}},"9":{"start":{"line":13,"column":60},"end":{"line":13,"column":null}},"10":{"start":{"line":14,"column":16},"end":{"line":14,"column":null}},"11":{"start":{"line":18,"column":0},"end":{"line":18,"column":28}}},"fnMap":{"0":{"name":"(anonymous_0)","decl":{"start":{"line":10,"column":21},"end":{"line":10,"column":22}},"loc":{"start":{"line":10,"column":92},"end":{"line":16,"column":1}}},"1":{"name":"(anonymous_1)","decl":{"start":{"line":13,"column":9},"end":{"line":13,"column":20}},"loc":{"start":{"line":13,"column":55},"end":{"line":13,"column":64}}},"2":{"name":"(anonymous_2)","decl":{"start":{"line":14,"column":10},"end":{"line":14,"column":16}},"loc":{"start":{"line":14,"column":10},"end":{"line":14,"column":20}}}},"branchMap":{},"s":{"0":2,"1":2,"2":2,"3":2,"4":2,"5":2,"6":2,"7":5,"8":5,"9":1,"10":4,"11":2},"f":{"0":5,"1":1,"2":4},"b":{}}
,"/Users/mmdb/dev/code/src/github.com/nickmakes/makes-clients/src/utils.ts": {"path":"/Users/mmdb/dev/code/src/github.com/nickmakes/makes-clients/src/utils.ts","statementMap":{"0":{"start":{"line":1,"column":13},"end":{"line":1,"column":113}},"1":{"start":{"line":1,"column":56},"end":{"line":1,"column":113}},"2":{"start":{"line":3,"column":13},"end":{"line":13,"column":21}},"3":{"start":{"line":3,"column":44},"end":{"line":3,"column":62}},"4":{"start":{"line":4,"column":2},"end":{"line":13,"column":21}},"5":{"start":{"line":5,"column":20},"end":{"line":5,"column":27}},"6":{"start":{"line":7,"column":6},"end":{"line":11,"column":null}}},"fnMap":{"0":{"name":"(anonymous_0)","decl":{"start":{"line":1,"column":22},"end":{"line":1,"column":23}},"loc":{"start":{"line":1,"column":51},"end":{"line":1,"column":57}}},"1":{"name":"(anonymous_1)","decl":{"start":{"line":3,"column":24},"end":{"line":3,"column":25}},"loc":{"start":{"line":3,"column":42},"end":{"line":4,"column":7}}},"2":{"name":"(anonymous_2)","decl":{"start":{"line":5,"column":12},"end":{"line":5,"column":16}},"loc":{"start":{"line":5,"column":16},"end":{"line":5,"column":21}}},"3":{"name":"(anonymous_3)","decl":{"start":{"line":6,"column":9},"end":{"line":6,"column":10}},"loc":{"start":{"line":6,"column":17},"end":{"line":7,"column":7}}}},"branchMap":{"0":{"loc":{"start":{"line":1,"column":86},"end":{"line":1,"column":90}},"type":"cond-expr","locations":[{"start":{"line":1,"column":86},"end":{"line":1,"column":90}},{"start":{"line":1,"column":93},"end":{"line":1,"column":111}}]},"1":{"loc":{"start":{"line":8,"column":10},"end":{"line":8,"column":55}},"type":"cond-expr","locations":[{"start":{"line":8,"column":10},"end":{"line":8,"column":55}},{"start":{"line":9,"column":10},"end":{"line":11,"column":96}}]},"2":{"loc":{"start":{"line":10,"column":10},"end":{"line":10,"column":55}},"type":"cond-expr","locations":[{"start":{"line":10,"column":10},"end":{"line":10,"column":55}},{"start":{"line":11,"column":10},"end":{"line":11,"column":96}}]}},"s":{"0":2,"1":16,"2":2,"3":216,"4":33,"5":150,"6":97},"f":{"0":16,"1":33,"2":150,"3":97},"b":{"0":[8,8],"1":[33,64],"2":[20,44]}}
,"/Users/mmdb/dev/code/src/github.com/nickmakes/makes-clients/src/clients/api_client.ts": {"path":"/Users/mmdb/dev/code/src/github.com/nickmakes/makes-clients/src/clients/api_client.ts","statementMap":{"0":{"start":{"line":2,"column":0},"end":{"line":2,"column":34}},"1":{"start":{"line":4,"column":0},"end":{"line":4,"column":null}},"2":{"start":{"line":4,"column":49},"end":{"line":4,"column":59}},"3":{"start":{"line":8,"column":4},"end":{"line":8,"column":null}},"4":{"start":{"line":7,"column":22},"end":{"line":7,"column":57}},"5":{"start":{"line":5,"column":11},"end":{"line":5,"column":24}},"6":{"start":{"line":12,"column":4},"end":{"line":12,"column":39}},"7":{"start":{"line":14,"column":0},"end":{"line":14,"column":null}}},"fnMap":{"0":{"name":"(anonymous_0)","decl":{"start":{"line":4,"column":0},"end":{"line":4,"column":49}},"loc":{"start":{"line":4,"column":0},"end":{"line":14,"column":null}}},"1":{"name":"MakesApiClient","decl":{"start":{"line":7,"column":2},"end":{"line":7,"column":22}},"loc":{"start":{"line":7,"column":86},"end":{"line":9,"column":3}}},"2":{"name":"(anonymous_2)","decl":{"start":{"line":11,"column":2},"end":{"line":11,"column":6}},"loc":{"start":{"line":11,"column":2},"end":{"line":13,"column":3}}}},"branchMap":{"0":{"loc":{"start":{"line":8,"column":4},"end":{"line":8,"column":18}},"type":"binary-expr","locations":[{"start":{"line":8,"column":4},"end":{"line":8,"column":18}},{"start":{"line":8,"column":18},"end":{"line":8,"column":null}}]}},"s":{"0":2,"1":2,"2":2,"3":1,"4":1,"5":1,"6":4,"7":2},"f":{"0":2,"1":1,"2":4},"b":{"0":[1,1]}}
,"/Users/mmdb/dev/code/src/github.com/nickmakes/makes-clients/src/clients/client.ts": {"path":"/Users/mmdb/dev/code/src/github.com/nickmakes/makes-clients/src/clients/client.ts","statementMap":{"0":{"start":{"line":1,"column":0},"end":{"line":1,"column":38}},"1":{"start":{"line":2,"column":0},"end":{"line":2,"column":104}},"2":{"start":{"line":3,"column":0},"end":{"line":3,"column":36}},"3":{"start":{"line":5,"column":23},"end":{"line":6,"column":3}},"4":{"start":{"line":6,"column":2},"end":{"line":6,"column":72}},"5":{"start":{"line":8,"column":33},"end":{"line":8,"column":55}},"6":{"start":{"line":8,"column":52},"end":{"line":8,"column":90}},"7":{"start":{"line":10,"column":0},"end":{"line":10,"column":null}},"8":{"start":{"line":11,"column":22},"end":{"line":11,"column":49}},"9":{"start":{"line":13,"column":2},"end":{"line":13,"column":6}},"10":{"start":{"line":14,"column":4},"end":{"line":23,"column":6}},"11":{"start":{"line":15,"column":35},"end":{"line":15,"column":null}},"12":{"start":{"line":16,"column":8},"end":{"line":16,"column":null}},"13":{"start":{"line":17,"column":36},"end":{"line":17,"column":null}},"14":{"start":{"line":18,"column":8},"end":{"line":18,"column":null}},"15":{"start":{"line":19,"column":35},"end":{"line":19,"column":null}},"16":{"start":{"line":20,"column":8},"end":{"line":20,"column":null}},"17":{"start":{"line":21,"column":38},"end":{"line":21,"column":null}},"18":{"start":{"line":22,"column":8},"end":{"line":22,"column":null}},"19":{"start":{"line":26,"column":16},"end":{"line":42,"column":null}},"20":{"start":{"line":27,"column":4},"end":{"line":41,"column":7}},"21":{"start":{"line":28,"column":25},"end":{"line":28,"column":54}},"22":{"start":{"line":31,"column":8},"end":{"line":31,"column":100}},"23":{"start":{"line":31,"column":39},"end":{"line":31,"column":99}},"24":{"start":{"line":36,"column":10},"end":{"line":36,"column":28}},"25":{"start":{"line":40,"column":6},"end":{"line":40,"column":95}},"26":{"start":{"line":44,"column":10},"end":{"line":54,"column":null}},"27":{"start":{"line":45,"column":12},"end":{"line":45,"column":19}},"28":{"start":{"line":47,"column":16},"end":{"line":47,"column":69}},"29":{"start":{"line":50,"column":6},"end":{"line":50,"column":55}},"30":{"start":{"line":53,"column":4},"end":{"line":53,"column":15}},"31":{"start":{"line":56,"column":10},"end":{"line":70,"column":null}},"32":{"start":{"line":56,"column":38},"end":{"line":56,"column":48}},"33":{"start":{"line":56,"column":50},"end":{"line":56,"column":54}},"34":{"start":{"line":56,"column":56},"end":{"line":56,"column":67}},"35":{"start":{"line":56,"column":69},"end":{"line":56,"column":80}},"36":{"start":{"line":56,"column":82},"end":{"line":56,"column":94}},"37":{"start":{"line":58,"column":6},"end":{"line":58,"column":37}},"38":{"start":{"line":61,"column":6},"end":{"line":61,"column":44}},"39":{"start":{"line":64,"column":18},"end":{"line":64,"column":57}},"40":{"start":{"line":66,"column":6},"end":{"line":66,"column":113}},"41":{"start":{"line":69,"column":4},"end":{"line":69,"column":37}},"42":{"start":{"line":71,"column":0},"end":{"line":71,"column":null}}},"fnMap":{"0":{"name":"(anonymous_0)","decl":{"start":{"line":5,"column":23},"end":{"line":5,"column":24}},"loc":{"start":{"line":5,"column":54},"end":{"line":6,"column":3}}},"1":{"name":"(anonymous_1)","decl":{"start":{"line":8,"column":33},"end":{"line":8,"column":34}},"loc":{"start":{"line":8,"column":47},"end":{"line":8,"column":55}}},"2":{"name":"(anonymous_2)","decl":{"start":{"line":10,"column":0},"end":{"line":10,"column":null}},"loc":{"start":{"line":10,"column":0},"end":{"line":71,"column":null}}},"3":{"name":"BaseClient","decl":{"start":{"line":11,"column":2},"end":{"line":11,"column":22}},"loc":{"start":{"line":11,"column":49},"end":{"line":11,"column":53}}},"4":{"name":"(anonymous_4)","decl":{"start":{"line":13,"column":2},"end":{"line":13,"column":6}},"loc":{"start":{"line":13,"column":2},"end":{"line":24,"column":3}}},"5":{"name":"(anonymous_5)","decl":{"start":{"line":15,"column":11},"end":{"line":15,"column":17}},"loc":{"start":{"line":15,"column":67},"end":{"line":16,"column":12}}},"6":{"name":"(anonymous_6)","decl":{"start":{"line":17,"column":12},"end":{"line":17,"column":18}},"loc":{"start":{"line":17,"column":68},"end":{"line":18,"column":12}}},"7":{"name":"(anonymous_7)","decl":{"start":{"line":19,"column":11},"end":{"line":19,"column":17}},"loc":{"start":{"line":19,"column":67},"end":{"line":20,"column":12}}},"8":{"name":"(anonymous_8)","decl":{"start":{"line":21,"column":14},"end":{"line":21,"column":20}},"loc":{"start":{"line":21,"column":70},"end":{"line":22,"column":12}}},"9":{"name":"(anonymous_12)","decl":{"start":{"line":27,"column":33},"end":{"line":27,"column":36}},"loc":{"start":{"line":27,"column":36},"end":{"line":41,"column":5}}},"10":{"name":"(anonymous_13)","decl":{"start":{"line":31,"column":31},"end":{"line":31,"column":35}},"loc":{"start":{"line":31,"column":35},"end":{"line":31,"column":40}}},"11":{"name":"(anonymous_14)","decl":{"start":{"line":44,"column":2},"end":{"line":44,"column":10}},"loc":{"start":{"line":44,"column":48},"end":{"line":54,"column":3}}},"12":{"name":"(anonymous_15)","decl":{"start":{"line":56,"column":2},"end":{"line":56,"column":10}},"loc":{"start":{"line":56,"column":116},"end":{"line":70,"column":3}}}},"branchMap":{"0":{"loc":{"start":{"line":6,"column":3},"end":{"line":6,"column":34}},"type":"binary-expr","locations":[{"start":{"line":6,"column":3},"end":{"line":6,"column":34}},{"start":{"line":6,"column":38},"end":{"line":6,"column":40}}]},"1":{"loc":{"start":{"line":8,"column":52},"end":{"line":8,"column":69}},"type":"binary-expr","locations":[{"start":{"line":8,"column":52},"end":{"line":8,"column":69}},{"start":{"line":8,"column":73},"end":{"line":8,"column":89}}]},"2":{"loc":{"start":{"line":15,"column":35},"end":{"line":15,"column":null}},"type":"if","locations":[{"start":{"line":15,"column":35},"end":{"line":15,"column":null}},{"start":{"line":15,"column":35},"end":{"line":15,"column":null}}]},"3":{"loc":{"start":{"line":17,"column":36},"end":{"line":17,"column":null}},"type":"if","locations":[{"start":{"line":17,"column":36},"end":{"line":17,"column":null}},{"start":{"line":17,"column":36},"end":{"line":17,"column":null}}]},"4":{"loc":{"start":{"line":19,"column":35},"end":{"line":19,"column":null}},"type":"if","locations":[{"start":{"line":19,"column":35},"end":{"line":19,"column":null}},{"start":{"line":19,"column":35},"end":{"line":19,"column":null}}]},"5":{"loc":{"start":{"line":21,"column":38},"end":{"line":21,"column":null}},"type":"if","locations":[{"start":{"line":21,"column":38},"end":{"line":21,"column":null}},{"start":{"line":21,"column":38},"end":{"line":21,"column":null}}]},"6":{"loc":{"start":{"line":31,"column":53},"end":{"line":31,"column":74}},"type":"cond-expr","locations":[{"start":{"line":31,"column":53},"end":{"line":31,"column":74}},{"start":{"line":31,"column":77},"end":{"line":31,"column":97}}]},"7":{"loc":{"start":{"line":40,"column":26},"end":{"line":40,"column":29}},"type":"cond-expr","locations":[{"start":{"line":40,"column":26},"end":{"line":40,"column":29}},{"start":{"line":40,"column":32},"end":{"line":40,"column":94}}]},"8":{"loc":{"start":{"line":47,"column":26},"end":{"line":47,"column":58}},"type":"cond-expr","locations":[{"start":{"line":47,"column":26},"end":{"line":47,"column":58}},{"start":{"line":47,"column":61},"end":{"line":47,"column":69}}]},"9":{"loc":{"start":{"line":56,"column":82},"end":{"line":56,"column":94}},"type":"cond-expr","locations":[{"start":{"line":56,"column":82},"end":{"line":56,"column":94}},{"start":{"line":56,"column":82},"end":{"line":56,"column":94}}]},"10":{"loc":{"start":{"line":64,"column":18},"end":{"line":64,"column":29}},"type":"binary-expr","locations":[{"start":{"line":64,"column":18},"end":{"line":64,"column":29}},{"start":{"line":64,"column":33},"end":{"line":64,"column":57}}]}},"s":{"0":2,"1":2,"2":2,"3":2,"4":25,"5":2,"6":15,"7":2,"8":5,"9":15,"10":15,"11":15,"12":9,"13":3,"14":2,"15":6,"16":3,"17":2,"18":1,"19":2,"20":15,"21":15,"22":5,"23":5,"24":3,"25":7,"26":2,"27":15,"28":15,"29":2,"30":13,"31":2,"32":15,"33":15,"34":15,"35":15,"36":30,"37":2,"38":4,"39":15,"40":2,"41":15,"42":2},"f":{"0":25,"1":15,"2":2,"3":5,"4":15,"5":9,"6":2,"7":3,"8":1,"9":15,"10":5,"11":15,"12":15},"b":{"0":[25,12],"1":[15,15],"2":[6,3],"3":[1,1],"4":[3,0],"5":[1,0],"6":[4,1],"7":[5,2],"8":[5,10],"9":[13,2],"10":[15,14]}}
,"/Users/mmdb/dev/code/src/github.com/nickmakes/makes-clients/src/clients/http_client.ts": {"path":"/Users/mmdb/dev/code/src/github.com/nickmakes/makes-clients/src/clients/http_client.ts","statementMap":{"0":{"start":{"line":2,"column":0},"end":{"line":2,"column":34}},"1":{"start":{"line":4,"column":0},"end":{"line":4,"column":null}},"2":{"start":{"line":4,"column":45},"end":{"line":4,"column":55}},"3":{"start":{"line":8,"column":4},"end":{"line":8,"column":null}},"4":{"start":{"line":5,"column":11},"end":{"line":5,"column":25}},"5":{"start":{"line":10,"column":0},"end":{"line":10,"column":null}}},"fnMap":{"0":{"name":"(anonymous_0)","decl":{"start":{"line":4,"column":0},"end":{"line":4,"column":45}},"loc":{"start":{"line":4,"column":0},"end":{"line":10,"column":null}}},"1":{"name":"MakesHttpClient","decl":{"start":{"line":7,"column":2},"end":{"line":7,"column":14}},"loc":{"start":{"line":7,"column":41},"end":{"line":9,"column":3}}}},"branchMap":{"0":{"loc":{"start":{"line":8,"column":4},"end":{"line":8,"column":18}},"type":"binary-expr","locations":[{"start":{"line":8,"column":4},"end":{"line":8,"column":18}},{"start":{"line":8,"column":18},"end":{"line":8,"column":null}}]}},"s":{"0":2,"1":2,"2":2,"3":4,"4":4,"5":2},"f":{"0":2,"1":4},"b":{"0":[4,4]}}
,"/Users/mmdb/dev/code/src/github.com/nickmakes/makes-clients/src/clients/index.ts": {"path":"/Users/mmdb/dev/code/src/github.com/nickmakes/makes-clients/src/clients/index.ts","statementMap":{"0":{"start":{"line":1,"column":0},"end":{"line":1,"column":7}},"1":{"start":{"line":4,"column":9},"end":{"line":1,"column":42}},"2":{"start":{"line":2,"column":0},"end":{"line":2,"column":7}},"3":{"start":{"line":4,"column":25},"end":{"line":2,"column":44}}},"fnMap":{},"branchMap":{},"s":{"0":2,"1":2,"2":2,"3":2},"f":{},"b":{}}
,"/Users/mmdb/dev/code/src/github.com/nickmakes/makes-clients/src/types/client.ts": {"path":"/Users/mmdb/dev/code/src/github.com/nickmakes/makes-clients/src/types/client.ts","statementMap":{"0":{"start":{"line":25,"column":13},"end":{"line":28,"column":3}},"1":{"start":{"line":25,"column":110},"end":{"line":28,"column":3}}},"fnMap":{"0":{"name":"(anonymous_0)","decl":{"start":{"line":25,"column":34},"end":{"line":25,"column":35}},"loc":{"start":{"line":25,"column":105},"end":{"line":25,"column":111}}}},"branchMap":{},"s":{"0":2,"1":5},"f":{"0":5},"b":{}}
,"/Users/mmdb/dev/code/src/github.com/nickmakes/makes-clients/src/types/error.ts": {"path":"/Users/mmdb/dev/code/src/github.com/nickmakes/makes-clients/src/types/error.ts","statementMap":{"0":{"start":{"line":3,"column":13},"end":{"line":8,"column":3}},"1":{"start":{"line":3,"column":84},"end":{"line":8,"column":3}},"2":{"start":{"line":12,"column":20},"end":{"line":23,"column":1}},"3":{"start":{"line":15,"column":6},"end":{"line":15,"column":17}},"4":{"start":{"line":17,"column":6},"end":{"line":17,"column":17}},"5":{"start":{"line":19,"column":6},"end":{"line":19,"column":17}},"6":{"start":{"line":21,"column":6},"end":{"line":21,"column":17}}},"fnMap":{"0":{"name":"(anonymous_0)","decl":{"start":{"line":3,"column":26},"end":{"line":3,"column":27}},"loc":{"start":{"line":3,"column":79},"end":{"line":3,"column":85}}},"1":{"name":"(anonymous_1)","decl":{"start":{"line":12,"column":20},"end":{"line":12,"column":21}},"loc":{"start":{"line":12,"column":41},"end":{"line":23,"column":1}}}},"branchMap":{"0":{"loc":{"start":{"line":5,"column":8},"end":{"line":5,"column":12}},"type":"binary-expr","locations":[{"start":{"line":5,"column":8},"end":{"line":5,"column":12}},{"start":{"line":5,"column":16},"end":{"line":5,"column":33}}]},"1":{"loc":{"start":{"line":14,"column":4},"end":{"line":15,"column":17}},"type":"switch","locations":[{"start":{"line":14,"column":4},"end":{"line":15,"column":17}},{"start":{"line":16,"column":4},"end":{"line":17,"column":17}},{"start":{"line":18,"column":4},"end":{"line":19,"column":17}},{"start":{"line":20,"column":4},"end":{"line":21,"column":17}}]}},"s":{"0":2,"1":9,"2":2,"3":1,"4":1,"5":3,"6":1},"f":{"0":9,"1":6},"b":{"0":[9,6],"1":[1,1,3,1]}}
,"/Users/mmdb/dev/code/src/github.com/nickmakes/makes-clients/src/types/index.ts": {"path":"/Users/mmdb/dev/code/src/github.com/nickmakes/makes-clients/src/types/index.ts","statementMap":{"0":{"start":{"line":1,"column":0},"end":{"line":1,"column":24}},"1":{"start":{"line":3,"column":0},"end":{"line":3,"column":25}}},"fnMap":{},"branchMap":{},"s":{"0":2,"1":2},"f":{},"b":{}}
,"/Users/mmdb/dev/code/src/github.com/nickmakes/makes-clients/test/test_utils.ts": {"path":"/Users/mmdb/dev/code/src/github.com/nickmakes/makes-clients/test/test_utils.ts","statementMap":{"0":{"start":{"line":1,"column":0},"end":{"line":1,"column":29}},"1":{"start":{"line":2,"column":0},"end":{"line":2,"column":74}},"2":{"start":{"line":4,"column":0},"end":{"line":4,"column":13}},"3":{"start":{"line":8,"column":4},"end":{"line":8,"column":48}},"4":{"start":{"line":12,"column":4},"end":{"line":12,"column":24}},"5":{"start":{"line":15,"column":2},"end":{"line":20,"column":null}},"6":{"start":{"line":17,"column":6},"end":{"line":17,"column":25}},"7":{"start":{"line":19,"column":4},"end":{"line":19,"column":56}},"8":{"start":{"line":22,"column":2},"end":{"line":27,"column":null}},"9":{"start":{"line":24,"column":6},"end":{"line":24,"column":25}},"10":{"start":{"line":26,"column":4},"end":{"line":26,"column":57}},"11":{"start":{"line":28,"column":0},"end":{"line":28,"column":null}},"12":{"start":{"line":4,"column":13},"end":{"line":4,"column":24}},"13":{"start":{"line":32,"column":0},"end":{"line":32,"column":13}},"14":{"start":{"line":36,"column":21},"end":{"line":36,"column":42}},"15":{"start":{"line":36,"column":42},"end":{"line":36,"column":null}},"16":{"start":{"line":36,"column":2},"end":{"line":36,"column":21}},"17":{"start":{"line":36,"column":21},"end":{"line":36,"column":40}},"18":{"start":{"line":37,"column":4},"end":{"line":37,"column":41}},"19":{"start":{"line":38,"column":4},"end":{"line":38,"column":81}},"20":{"start":{"line":38,"column":50},"end":{"line":38,"column":80}},"21":{"start":{"line":41,"column":8},"end":{"line":43,"column":null}},"22":{"start":{"line":42,"column":4},"end":{"line":42,"column":40}},"23":{"start":{"line":45,"column":8},"end":{"line":47,"column":null}},"24":{"start":{"line":46,"column":4},"end":{"line":46,"column":30}},"25":{"start":{"line":49,"column":2},"end":{"line":62,"column":null}},"26":{"start":{"line":49,"column":14},"end":{"line":49,"column":20}},"27":{"start":{"line":49,"column":22},"end":{"line":49,"column":33}},"28":{"start":{"line":49,"column":35},"end":{"line":49,"column":42}},"29":{"start":{"line":50,"column":4},"end":{"line":61,"column":6}},"30":{"start":{"line":51,"column":20},"end":{"line":51,"column":70}},"31":{"start":{"line":54,"column":10},"end":{"line":54,"column":23}},"32":{"start":{"line":56,"column":8},"end":{"line":56,"column":46}},"33":{"start":{"line":59,"column":6},"end":{"line":59,"column":37}},"34":{"start":{"line":60,"column":6},"end":{"line":60,"column":23}},"35":{"start":{"line":63,"column":0},"end":{"line":63,"column":null}},"36":{"start":{"line":32,"column":13},"end":{"line":32,"column":23}}},"fnMap":{"0":{"name":"(anonymous_0)","decl":{"start":{"line":4,"column":0},"end":{"line":4,"column":13}},"loc":{"start":{"line":4,"column":0},"end":{"line":28,"column":null}}},"1":{"name":"TestHarness","decl":{"start":{"line":7,"column":2},"end":{"line":7,"column":14}},"loc":{"start":{"line":7,"column":80},"end":{"line":9,"column":3}}},"2":{"name":"(anonymous_2)","decl":{"start":{"line":11,"column":2},"end":{"line":11,"column":6}},"loc":{"start":{"line":11,"column":2},"end":{"line":13,"column":3}}},"3":{"name":"(anonymous_3)","decl":{"start":{"line":15,"column":2},"end":{"line":15,"column":11}},"loc":{"start":{"line":15,"column":2},"end":{"line":20,"column":3}}},"4":{"name":"(anonymous_4)","decl":{"start":{"line":22,"column":2},"end":{"line":22,"column":12}},"loc":{"start":{"line":22,"column":2},"end":{"line":27,"column":3}}},"5":{"name":"(anonymous_5)","decl":{"start":{"line":32,"column":0},"end":{"line":32,"column":13}},"loc":{"start":{"line":32,"column":0},"end":{"line":63,"column":null}}},"6":{"name":"TestServer","decl":{"start":{"line":36,"column":2},"end":{"line":36,"column":21}},"loc":{"start":{"line":36,"column":87},"end":{"line":39,"column":3}}},"7":{"name":"(anonymous_7)","decl":{"start":{"line":36,"column":60},"end":{"line":36,"column":67}},"loc":{"start":{"line":36,"column":60},"end":{"line":36,"column":68}}},"8":{"name":"(anonymous_8)","decl":{"start":{"line":38,"column":36},"end":{"line":38,"column":37}},"loc":{"start":{"line":38,"column":45},"end":{"line":38,"column":54}}},"9":{"name":"(anonymous_15)","decl":{"start":{"line":49,"column":2},"end":{"line":49,"column":11}},"loc":{"start":{"line":49,"column":107},"end":{"line":62,"column":3}}},"10":{"name":"(anonymous_16)","decl":{"start":{"line":50,"column":26},"end":{"line":50,"column":27}},"loc":{"start":{"line":50,"column":36},"end":{"line":61,"column":5}}}},"branchMap":{"0":{"loc":{"start":{"line":36,"column":21},"end":{"line":36,"column":42}},"type":"if","locations":[{"start":{"line":36,"column":21},"end":{"line":36,"column":42}},{"start":{"line":36,"column":21},"end":{"line":36,"column":42}}]},"1":{"loc":{"start":{"line":36,"column":42},"end":{"line":36,"column":null}},"type":"if","locations":[{"start":{"line":36,"column":42},"end":{"line":36,"column":null}},{"start":{"line":36,"column":42},"end":{"line":36,"column":null}}]}},"s":{"0":1,"1":1,"2":1,"3":5,"4":36,"5":1,"6":4,"7":1,"8":1,"9":11,"10":1,"11":1,"12":1,"13":1,"14":5,"15":6,"16":4,"17":4,"18":4,"19":4,"20":15,"21":1,"22":8,"23":1,"24":8,"25":1,"26":13,"27":13,"28":13,"29":13,"30":13,"31":7,"32":7,"33":13,"34":13,"35":1,"36":1},"f":{"0":1,"1":5,"2":36,"3":5,"4":12,"5":1,"6":4,"7":0,"8":15,"9":13,"10":13},"b":{"0":[1,3],"1":[2,2]}}
}
