TN:
SF:/Users/mmdb/dev/code/src/github.com/nickmakes/makes-clients/src/index.ts
FN:10,(anonymous_0)
FN:13,(anonymous_1)
FN:14,(anonymous_2)
FNF:3
FNH:3
FNDA:5,(anonymous_0)
FNDA:1,(anonymous_1)
FNDA:4,(anonymous_2)
DA:1,2
DA:2,2
DA:4,2
DA:5,2
DA:7,2
DA:8,2
DA:10,2
DA:11,5
DA:12,5
DA:13,1
DA:14,4
DA:18,2
LF:12
LH:12
BRF:0
BRH:0
end_of_record
TN:
SF:/Users/mmdb/dev/code/src/github.com/nickmakes/makes-clients/src/utils.ts
FN:1,(anonymous_0)
FN:3,(anonymous_1)
FN:5,(anonymous_2)
FN:6,(anonymous_3)
FNF:4
FNH:4
FNDA:16,(anonymous_0)
FNDA:33,(anonymous_1)
FNDA:150,(anonymous_2)
FNDA:97,(anonymous_3)
DA:1,16
DA:3,216
DA:4,33
DA:5,150
DA:7,97
LF:5
LH:5
BRDA:1,0,0,8
BRDA:1,0,1,8
BRDA:8,1,0,33
BRDA:8,1,1,64
BRDA:10,2,0,20
BRDA:10,2,1,44
BRF:6
BRH:6
end_of_record
TN:
SF:/Users/mmdb/dev/code/src/github.com/nickmakes/makes-clients/src/clients/api_client.ts
FN:4,(anonymous_0)
FN:7,MakesApiClient
FN:11,(anonymous_2)
FNF:3
FNH:3
FNDA:2,(anonymous_0)
FNDA:1,MakesApiClient
FNDA:4,(anonymous_2)
DA:2,2
DA:4,2
DA:5,1
DA:7,1
DA:8,1
DA:12,4
DA:14,2
LF:7
LH:7
BRDA:8,0,0,1
BRDA:8,0,1,1
BRF:2
BRH:2
end_of_record
TN:
SF:/Users/mmdb/dev/code/src/github.com/nickmakes/makes-clients/src/clients/client.ts
FN:5,(anonymous_0)
FN:8,(anonymous_1)
FN:10,(anonymous_2)
FN:11,BaseClient
FN:13,(anonymous_4)
FN:15,(anonymous_5)
FN:17,(anonymous_6)
FN:19,(anonymous_7)
FN:21,(anonymous_8)
FN:27,(anonymous_12)
FN:31,(anonymous_13)
FN:44,(anonymous_14)
FN:56,(anonymous_15)
FNF:13
FNH:13
FNDA:25,(anonymous_0)
FNDA:15,(anonymous_1)
FNDA:2,(anonymous_2)
FNDA:5,BaseClient
FNDA:15,(anonymous_4)
FNDA:9,(anonymous_5)
FNDA:2,(anonymous_6)
FNDA:3,(anonymous_7)
FNDA:1,(anonymous_8)
FNDA:15,(anonymous_12)
FNDA:5,(anonymous_13)
FNDA:15,(anonymous_14)
FNDA:15,(anonymous_15)
DA:1,2
DA:2,2
DA:3,2
DA:5,2
DA:6,25
DA:8,15
DA:10,2
DA:11,5
DA:13,15
DA:14,15
DA:15,15
DA:16,9
DA:17,3
DA:18,2
DA:19,6
DA:20,3
DA:21,2
DA:22,1
DA:26,2
DA:27,15
DA:28,15
DA:31,5
DA:36,3
DA:40,7
DA:44,2
DA:45,15
DA:47,15
DA:50,2
DA:53,13
DA:56,30
DA:58,2
DA:61,4
DA:64,15
DA:66,2
DA:69,15
DA:71,2
LF:36
LH:36
BRDA:6,0,0,25
BRDA:6,0,1,12
BRDA:8,1,0,15
BRDA:8,1,1,15
BRDA:15,2,0,6
BRDA:15,2,1,3
BRDA:17,3,0,1
BRDA:17,3,1,1
BRDA:19,4,0,3
BRDA:19,4,1,0
BRDA:21,5,0,1
BRDA:21,5,1,0
BRDA:31,6,0,4
BRDA:31,6,1,1
BRDA:40,7,0,5
BRDA:40,7,1,2
BRDA:47,8,0,5
BRDA:47,8,1,10
BRDA:56,9,0,13
BRDA:56,9,1,2
BRDA:64,10,0,15
BRDA:64,10,1,14
BRF:22
BRH:20
end_of_record
TN:
SF:/Users/mmdb/dev/code/src/github.com/nickmakes/makes-clients/src/clients/http_client.ts
FN:4,(anonymous_0)
FN:7,MakesHttpClient
FNF:2
FNH:2
FNDA:2,(anonymous_0)
FNDA:4,MakesHttpClient
DA:2,2
DA:4,2
DA:5,4
DA:8,4
DA:10,2
LF:5
LH:5
BRDA:8,0,0,4
BRDA:8,0,1,4
BRF:2
BRH:2
end_of_record
TN:
SF:/Users/mmdb/dev/code/src/github.com/nickmakes/makes-clients/src/clients/index.ts
FNF:0
FNH:0
DA:1,2
DA:2,2
DA:4,2
LF:3
LH:3
BRF:0
BRH:0
end_of_record
TN:
SF:/Users/mmdb/dev/code/src/github.com/nickmakes/makes-clients/src/types/client.ts
FN:25,(anonymous_0)
FNF:1
FNH:1
FNDA:5,(anonymous_0)
DA:25,5
LF:1
LH:1
BRF:0
BRH:0
end_of_record
TN:
SF:/Users/mmdb/dev/code/src/github.com/nickmakes/makes-clients/src/types/error.ts
FN:3,(anonymous_0)
FN:12,(anonymous_1)
FNF:2
FNH:2
FNDA:9,(anonymous_0)
FNDA:6,(anonymous_1)
DA:3,9
DA:12,2
DA:15,1
DA:17,1
DA:19,3
DA:21,1
LF:6
LH:6
BRDA:5,0,0,9
BRDA:5,0,1,6
BRDA:14,1,0,1
BRDA:14,1,1,1
BRDA:14,1,2,3
BRDA:14,1,3,1
BRF:6
BRH:6
end_of_record
TN:
SF:/Users/mmdb/dev/code/src/github.com/nickmakes/makes-clients/src/types/index.ts
FNF:0
FNH:0
DA:1,2
DA:3,2
LF:2
LH:2
BRF:0
BRH:0
end_of_record
TN:
SF:/Users/mmdb/dev/code/src/github.com/nickmakes/makes-clients/test/test_utils.ts
FN:4,(anonymous_0)
FN:7,TestHarness
FN:11,(anonymous_2)
FN:15,(anonymous_3)
FN:22,(anonymous_4)
FN:32,(anonymous_5)
FN:36,TestServer
FN:36,(anonymous_7)
FN:38,(anonymous_8)
FN:49,(anonymous_15)
FN:50,(anonymous_16)
FNF:11
FNH:10
FNDA:1,(anonymous_0)
FNDA:5,TestHarness
FNDA:36,(anonymous_2)
FNDA:5,(anonymous_3)
FNDA:12,(anonymous_4)
FNDA:1,(anonymous_5)
FNDA:4,TestServer
FNDA:0,(anonymous_7)
FNDA:15,(anonymous_8)
FNDA:13,(anonymous_15)
FNDA:13,(anonymous_16)
DA:1,1
DA:2,1
DA:4,1
DA:8,5
DA:12,36
DA:15,1
DA:17,4
DA:19,1
DA:22,1
DA:24,11
DA:26,1
DA:28,1
DA:32,1
DA:36,6
DA:37,4
DA:38,15
DA:41,1
DA:42,8
DA:45,1
DA:46,8
DA:49,13
DA:50,13
DA:51,13
DA:54,7
DA:56,7
DA:59,13
DA:60,13
DA:63,1
LF:28
LH:28
BRDA:36,0,0,1
BRDA:36,0,1,3
BRDA:36,1,0,2
BRDA:36,1,1,2
BRF:4
BRH:4
end_of_record
